[0m21:33:50.630586 [debug] [MainThread]: Sending event: {'category': 'dbt', 'action': 'invocation', 'label': 'start', 'context': [<snowplow_tracker.self_describing_json.SelfDescribingJson object at 0x108a842f0>, <snowplow_tracker.self_describing_json.SelfDescribingJson object at 0x109abf890>, <snowplow_tracker.self_describing_json.SelfDescribingJson object at 0x109abfb10>]}


============================== 21:33:50.649792 | 153a1b9d-b7ee-48cf-a7ea-b336e096d2e6 ==============================
[0m21:33:50.649792 [info ] [MainThread]: Running with dbt=1.10.16
[0m21:33:50.650114 [debug] [MainThread]: running dbt with arguments {'fail_fast': 'False', 'introspect': 'True', 'invocation_command': 'dbt init jaffle_shop', 'send_anonymous_usage_stats': 'True', 'printer_width': '80', 'indirect_selection': 'eager', 'static_parser': 'True', 'write_json': 'True', 'log_format': 'default', 'use_experimental_parser': 'False', 'cache_selected_only': 'False', 'version_check': 'True', 'no_print': 'None', 'warn_error_options': 'WarnErrorOptionsV2(error=[], warn=[], silence=[])', 'profiles_dir': '/Users/khanhvu/.dbt', 'debug': 'False', 'empty': 'None', 'log_cache_events': 'False', 'partial_parse': 'True', 'log_path': 'logs', 'use_colors': 'True', 'quiet': 'False', 'warn_error': 'None', 'target_path': 'None'}
[0m21:33:50.682869 [debug] [MainThread]: Starter project path: /Users/khanhvu/Documents/Code/DELakeHouse/.venv/lib/python3.13/site-packages/dbt/include/starter_project
[0m21:33:50.686489 [info ] [MainThread]: 
Your new dbt project "jaffle_shop" was created!

For more information on how to configure the profiles.yml file,
please consult the dbt documentation here:

  https://docs.getdbt.com/docs/configure-your-profile

One more thing:

Need help? Don't hesitate to reach out to us via GitHub issues or on Slack:

  https://community.getdbt.com/

Happy modeling!

[0m21:33:50.686666 [info ] [MainThread]: Setting up your profile.
[0m21:41:58.279090 [info ] [MainThread]: Profile jaffle_shop written to /Users/khanhvu/.dbt/profiles.yml using target's profile_template.yml and your supplied values. Run 'dbt debug' to validate the connection.
[0m21:41:58.300917 [debug] [MainThread]: Resource report: {"command_name": "init", "command_success": true, "command_wall_clock_time": 487.7145, "process_in_blocks": "0", "process_kernel_time": 0.115516, "process_mem_max_rss": "135741440", "process_out_blocks": "0", "process_user_time": 0.679962}
[0m21:41:58.301927 [debug] [MainThread]: Command `dbt init` succeeded at 21:41:58.301721 after 487.72 seconds
[0m21:41:58.302857 [debug] [MainThread]: Sending event: {'category': 'dbt', 'action': 'invocation', 'label': 'end', 'context': [<snowplow_tracker.self_describing_json.SelfDescribingJson object at 0x109b6b5c0>, <snowplow_tracker.self_describing_json.SelfDescribingJson object at 0x108d6eb10>, <snowplow_tracker.self_describing_json.SelfDescribingJson object at 0x109bf85a0>]}
[0m21:41:58.303408 [debug] [MainThread]: Flushing usage events
[0m21:42:00.060884 [debug] [MainThread]: An error was encountered while trying to flush usage events
[0m21:50:21.833662 [debug] [MainThread]: Sending event: {'category': 'dbt', 'action': 'invocation', 'label': 'start', 'context': [<snowplow_tracker.self_describing_json.SelfDescribingJson object at 0x10cb742f0>, <snowplow_tracker.self_describing_json.SelfDescribingJson object at 0x10dbaf890>, <snowplow_tracker.self_describing_json.SelfDescribingJson object at 0x10dbafb10>]}


============================== 21:50:21.836436 | aaef8f19-1cf3-4954-a888-83e934d2e7b4 ==============================
[0m21:50:21.836436 [info ] [MainThread]: Running with dbt=1.10.16
[0m21:50:21.836730 [debug] [MainThread]: running dbt with arguments {'quiet': 'False', 'use_experimental_parser': 'False', 'log_cache_events': 'False', 'warn_error_options': 'WarnErrorOptionsV2(error=[], warn=[], silence=[])', 'warn_error': 'None', 'fail_fast': 'False', 'cache_selected_only': 'False', 'debug': 'False', 'indirect_selection': 'eager', 'write_json': 'True', 'profiles_dir': '/Users/khanhvu/.dbt', 'version_check': 'True', 'empty': 'None', 'target_path': 'None', 'static_parser': 'True', 'introspect': 'True', 'printer_width': '80', 'partial_parse': 'True', 'log_path': 'logs', 'use_colors': 'True', 'no_print': 'None', 'invocation_command': 'dbt debug', 'log_format': 'default', 'send_anonymous_usage_stats': 'True'}
[0m21:50:21.848040 [info ] [MainThread]: dbt version: 1.10.16
[0m21:50:21.848225 [info ] [MainThread]: python version: 3.13.0
[0m21:50:21.848351 [info ] [MainThread]: python path: /Users/khanhvu/Documents/Code/DELakeHouse/.venv/bin/python3
[0m21:50:21.848465 [info ] [MainThread]: os info: macOS-26.2-arm64-arm-64bit-Mach-O
[0m21:50:21.850732 [info ] [MainThread]: Error importing adapter: No module named 'dbt.adapters.redshift'
[0m21:50:21.852232 [info ] [MainThread]: Error importing adapter: No module named 'dbt.adapters.snowflake'
[0m21:50:21.893257 [info ] [MainThread]: Using profiles dir at /Users/khanhvu/.dbt
[0m21:50:21.893493 [info ] [MainThread]: Using profiles.yml file at /Users/khanhvu/.dbt/profiles.yml
[0m21:50:21.893627 [info ] [MainThread]: Using dbt_project.yml file at /Users/khanhvu/Documents/Code/DELakeHouse/dbt/dbt_project.yml
[0m21:50:21.893757 [info ] [MainThread]: Configuration:
[0m21:50:21.893869 [info ] [MainThread]:   profiles.yml file [[31mERROR invalid[0m]
[0m21:50:21.893977 [info ] [MainThread]:   dbt_project.yml file [[31mERROR not found[0m]
[0m21:50:21.894083 [info ] [MainThread]: Required dependencies:
[0m21:50:21.894229 [debug] [MainThread]: Executing "git --help"
[0m21:50:21.916165 [debug] [MainThread]: STDOUT: "b"usage: git [-v | --version] [-h | --help] [-C <path>] [-c <name>=<value>]\n           [--exec-path[=<path>]] [--html-path] [--man-path] [--info-path]\n           [-p | --paginate | -P | --no-pager] [--no-replace-objects] [--no-lazy-fetch]\n           [--no-optional-locks] [--no-advice] [--bare] [--git-dir=<path>]\n           [--work-tree=<path>] [--namespace=<name>] [--config-env=<name>=<envvar>]\n           <command> [<args>]\n\nThese are common Git commands used in various situations:\n\nstart a working area (see also: git help tutorial)\n   clone      Clone a repository into a new directory\n   init       Create an empty Git repository or reinitialize an existing one\n\nwork on the current change (see also: git help everyday)\n   add        Add file contents to the index\n   mv         Move or rename a file, a directory, or a symlink\n   restore    Restore working tree files\n   rm         Remove files from the working tree and from the index\n\nexamine the history and state (see also: git help revisions)\n   bisect     Use binary search to find the commit that introduced a bug\n   diff       Show changes between commits, commit and working tree, etc\n   grep       Print lines matching a pattern\n   log        Show commit logs\n   show       Show various types of objects\n   status     Show the working tree status\n\ngrow, mark and tweak your common history\n   backfill   Download missing objects in a partial clone\n   branch     List, create, or delete branches\n   commit     Record changes to the repository\n   merge      Join two or more development histories together\n   rebase     Reapply commits on top of another base tip\n   reset      Reset current HEAD to the specified state\n   switch     Switch branches\n   tag        Create, list, delete or verify a tag object signed with GPG\n\ncollaborate (see also: git help workflows)\n   fetch      Download objects and refs from another repository\n   pull       Fetch from and integrate with another repository or a local branch\n   push       Update remote refs along with associated objects\n\n'git help -a' and 'git help -g' list available subcommands and some\nconcept guides. See 'git help <command>' or 'git help <concept>'\nto read about a specific subcommand or concept.\nSee 'git help git' for an overview of the system.\n""
[0m21:50:21.916801 [debug] [MainThread]: STDERR: "b''"
[0m21:50:21.916964 [info ] [MainThread]:  - git [[32mOK found[0m]

[0m21:50:21.917119 [info ] [MainThread]: Connection test skipped since no profile was found
[0m21:50:21.917400 [info ] [MainThread]: [31m2 checks failed:[0m
[0m21:50:21.917531 [info ] [MainThread]: Could not load dbt_project.yml
Profile loading failed for the following reason:
Runtime Error
  Credentials in profile "dbt_redshift_dw", target "dev" invalid: Runtime Error
    Could not find adapter type redshift!

Runtime Error
  Credentials in profile "dbtlearn", target "dev" invalid: Runtime Error
    Could not find adapter type snowflake!


[0m21:50:21.917660 [info ] [MainThread]: Project loading failed for the following reason:
 project path </Users/khanhvu/Documents/Code/DELakeHouse/dbt/dbt_project.yml> not found

[0m21:50:21.919985 [debug] [MainThread]: Resource report: {"command_name": "debug", "command_success": false, "command_wall_clock_time": 0.12184154, "process_in_blocks": "0", "process_kernel_time": 0.103355, "process_mem_max_rss": "115933184", "process_out_blocks": "0", "process_user_time": 0.633414}
[0m21:50:21.920258 [debug] [MainThread]: Command `dbt debug` failed at 21:50:21.920204 after 0.12 seconds
[0m21:50:21.920496 [debug] [MainThread]: Sending event: {'category': 'dbt', 'action': 'invocation', 'label': 'end', 'context': [<snowplow_tracker.self_describing_json.SelfDescribingJson object at 0x10dc4f100>, <snowplow_tracker.self_describing_json.SelfDescribingJson object at 0x10dd527b0>, <snowplow_tracker.self_describing_json.SelfDescribingJson object at 0x10dcc0490>]}
[0m21:50:21.920693 [debug] [MainThread]: Flushing usage events
[0m21:50:24.989788 [debug] [MainThread]: An error was encountered while trying to flush usage events
[0m11:49:17.084246 [debug] [MainThread]: Sending event: {'category': 'dbt', 'action': 'invocation', 'label': 'start', 'context': [<snowplow_tracker.self_describing_json.SelfDescribingJson object at 0x10c61cec0>, <snowplow_tracker.self_describing_json.SelfDescribingJson object at 0x10d6d79d0>, <snowplow_tracker.self_describing_json.SelfDescribingJson object at 0x10d6d7b10>]}


============================== 11:49:17.103819 | 6bc29a33-2893-41f3-8827-352328f1e9b6 ==============================
[0m11:49:17.103819 [info ] [MainThread]: Running with dbt=1.10.17
[0m11:49:17.104155 [debug] [MainThread]: running dbt with arguments {'version_check': 'True', 'cache_selected_only': 'False', 'write_json': 'True', 'quiet': 'False', 'send_anonymous_usage_stats': 'True', 'no_print': 'None', 'empty': 'None', 'profiles_dir': '/Users/khanhvu/.dbt', 'use_colors': 'True', 'introspect': 'True', 'warn_error': 'None', 'invocation_command': 'dbt init twitter-analysis', 'log_format': 'default', 'indirect_selection': 'eager', 'debug': 'False', 'warn_error_options': 'WarnErrorOptionsV2(error=[], warn=[], silence=[])', 'fail_fast': 'False', 'log_path': 'logs', 'use_experimental_parser': 'False', 'target_path': 'None', 'printer_width': '80', 'log_cache_events': 'False', 'partial_parse': 'True', 'static_parser': 'True'}
[0m11:49:35.262670 [debug] [MainThread]: Starter project path: /Users/khanhvu/Documents/Code/LakeHouse/.venv/lib/python3.13/site-packages/dbt/include/starter_project
[0m11:49:35.274064 [info ] [MainThread]: 
Your new dbt project "twitterAnalysis" was created!

For more information on how to configure the profiles.yml file,
please consult the dbt documentation here:

  https://docs.getdbt.com/docs/configure-your-profile

One more thing:

Need help? Don't hesitate to reach out to us via GitHub issues or on Slack:

  https://community.getdbt.com/

Happy modeling!

[0m11:49:35.274550 [info ] [MainThread]: Setting up your profile.
[0m11:50:17.874413 [info ] [MainThread]: Profile twitterAnalysis written to /Users/khanhvu/.dbt/profiles.yml using target's profile_template.yml and your supplied values. Run 'dbt debug' to validate the connection.
[0m11:50:17.883168 [debug] [MainThread]: Resource report: {"command_name": "init", "command_success": true, "command_wall_clock_time": 60.835625, "process_in_blocks": "0", "process_kernel_time": 0.428653, "process_mem_max_rss": "143065088", "process_out_blocks": "0", "process_user_time": 1.6563}
[0m11:50:17.884020 [debug] [MainThread]: Command `dbt init` succeeded at 11:50:17.883880 after 60.84 seconds
[0m11:50:17.884506 [debug] [MainThread]: Sending event: {'category': 'dbt', 'action': 'invocation', 'label': 'end', 'context': [<snowplow_tracker.self_describing_json.SelfDescribingJson object at 0x10d7ee2c0>, <snowplow_tracker.self_describing_json.SelfDescribingJson object at 0x10c874ef0>, <snowplow_tracker.self_describing_json.SelfDescribingJson object at 0x10d844e20>]}
[0m11:50:17.884948 [debug] [MainThread]: Flushing usage events
[0m11:50:19.642158 [debug] [MainThread]: An error was encountered while trying to flush usage events
